<?xml version="1.0" encoding="UTF-8"?>
<testsuite name="DefinitionTest" tests="1" skipped="0" failures="0" errors="0" timestamp="2016-05-05T04:21:24" hostname="users-MacBook-Pro.local" time="0.002">
  <properties/>
  <testcase name="Definition_instantiatesCorrectly_true" classname="DefinitionTest" time="0.002"/>
  <system-out><![CDATA[]]></system-out>
  <system-err><![CDATA[]]></system-err>
</testsuite>
