<?xml version="1.0" encoding="UTF-8"?>
<testsuite name="WordTest" tests="6" skipped="0" failures="0" errors="0" timestamp="2016-05-06T04:17:39" hostname="users-MacBook-Pro.local" time="0.009">
  <properties/>
  <testcase name="clear_emptiesAllWordsFromList_0" classname="WordTest" time="0.001"/>
  <testcase name="find_returnsWordWithSameId_secondWord" classname="WordTest" time="0.0"/>
  <testcase name="Word_instantiatesCorrectly_true" classname="WordTest" time="0.001"/>
  <testcase name="getId_wordsInstantiateWithAnId_1" classname="WordTest" time="0.0"/>
  <testcase name="getWord_categoryInstantiatesWithWord_Apple" classname="WordTest" time="0.0"/>
  <testcase name="all_returnsAllInstancesOfWord_true" classname="WordTest" time="0.0"/>
  <system-out><![CDATA[]]></system-out>
  <system-err><![CDATA[]]></system-err>
</testsuite>
