<?xml version="1.0" encoding="UTF-8"?>
<testsuite name="DefinitionTest" tests="2" skipped="0" failures="0" errors="0" timestamp="2016-05-05T05:00:15" hostname="users-MacBook-Pro.local" time="0.001">
  <properties/>
  <testcase name="Definition_instantiatesCorrectly_true" classname="DefinitionTest" time="0.001"/>
  <testcase name="Definition_instantiatesWithDefinition_String" classname="DefinitionTest" time="0.0"/>
  <system-out><![CDATA[]]></system-out>
  <system-err><![CDATA[]]></system-err>
</testsuite>
