<?xml version="1.0" encoding="UTF-8"?>
<testsuite name="DefinitionTest" tests="3" skipped="0" failures="0" errors="0" timestamp="2016-05-06T02:55:39" hostname="users-MacBook-Pro.local" time="0.002">
  <properties/>
  <testcase name="all_returnsAllInstancesOfDefinition_true" classname="DefinitionTest" time="0.001"/>
  <testcase name="Definition_instantiatesCorrectly_true" classname="DefinitionTest" time="0.0"/>
  <testcase name="Definition_instantiatesWithDefinition_String" classname="DefinitionTest" time="0.0"/>
  <system-out><![CDATA[]]></system-out>
  <system-err><![CDATA[]]></system-err>
</testsuite>
