<?xml version="1.0" encoding="UTF-8"?>
<testsuite name="DefinitionTest" tests="4" skipped="0" failures="0" errors="0" timestamp="2016-05-06T03:11:54" hostname="users-MacBook-Pro.local" time="0.007">
  <properties/>
  <testcase name="all_returnsAllInstancesOfDefinition_true" classname="DefinitionTest" time="0.006"/>
  <testcase name="Definition_instantiatesCorrectly_true" classname="DefinitionTest" time="0.001"/>
  <testcase name="clear_emptiesAllInstancesFromArrayList_0" classname="DefinitionTest" time="0.0"/>
  <testcase name="Definition_instantiatesWithDefinition_String" classname="DefinitionTest" time="0.0"/>
  <system-out><![CDATA[]]></system-out>
  <system-err><![CDATA[]]></system-err>
</testsuite>
